action: flake8, msg: envreport
cwd: /home/maluki/blog/django_blog/blog_project
cmd: /home/maluki/blog/django_blog/blog_project/.tox/flake8/bin/python -m pip freeze
amqp==2.5.0
astroid==2.2.5
atomicwrites==1.3.0
attrs==19.1.0
billiard==3.5.0.5
bleach==3.1.0
celery==4.3.0
certifi==2019.6.16
chardet==3.0.4
coverage==4.5.3
defusedxml==0.6.0
dj-database-url==0.5.0
Django==2.2.3
django-elasticsearch-dsl==6.4.2
django-heroku==0.3.1
django-jo-blog-app==0.1.4
django-prometheus==1.0.15
django-redis==4.10.0
djangorestframework==3.10.1
docutils==0.15.2
elasticsearch==6.4.0
elasticsearch-django==6.4
elasticsearch-dsl==6.4.0
entrypoints==0.3
filelock==3.0.12
flake8==3.7.8
gunicorn==19.9.0
idna==2.8
importlib-metadata==0.18
isort==4.3.21
kombu==4.6.3
lazy-object-proxy==1.4.1
mccabe==0.6.1
more-itertools==7.1.0
oauthlib==3.1.0
packaging==19.0
pkginfo==1.5.0.1
pluggy==0.12.0
prometheus-client==0.7.1
psycopg2==2.8.3
psycopg2-binary==2.8.3
py==1.8.0
pycodestyle==2.5.0
pyflakes==2.1.1
Pygments==2.4.2
PyJWT==1.7.1
pylint==2.3.1
pyparsing==2.4.0
pytest==5.0.1
pytest-cov==2.7.1
pytest-django==3.5.1
python-dateutil==2.8.0
python3-openid==3.1.0
pytz==2019.1
readme-renderer==24.0
redis==3.3.6
requests==2.22.0
requests-oauthlib==1.2.0
requests-toolbelt==0.9.1
sentry-sdk==0.10.2
simplejson==3.16.0
six==1.12.0
social-auth-app-django==3.1.0
social-auth-core==3.2.0
sqlparse==0.3.0
toml==0.10.0
tox==3.13.2
tqdm==4.32.2
twine==1.13.0
typed-ast==1.4.0
urllib3==1.25.3
vine==1.3.0
virtualenv==16.6.2
wcwidth==0.1.7
webencodings==0.5.1
whitenoise==4.1.3
wrapt==1.11.2
zipp==0.5.2
