action: flake8, msg: envreport
cwd: /home/maluki/blog/django_blog/blog_project
cmd: /home/maluki/blog/django_blog/blog_project/.tox/flake8/bin/python -m pip freeze
amqp==2.5.0
astroid==2.2.5
atomicwrites==1.3.0
attrs==19.1.0
billiard==3.5.0.5
celery==999.999
coverage==4.5.3
dj-database-url==0.5.0
Django==2.2.3
django-blog==0.1.4
djangorestframework==3.10.1
entrypoints==0.3
filelock==3.0.12
flake8==3.7.8
gunicorn==19.9.0
importlib-metadata==0.18
isort==4.3.21
kombu==4.6.3
lazy-object-proxy==1.4.1
mccabe==0.6.1
more-itertools==7.1.0
packaging==19.0
pluggy==0.12.0
psycopg2-binary==2.8.3
py==1.8.0
pycodestyle==2.5.0
pyflakes==2.1.1
pylint==2.3.1
pyparsing==2.4.0
pytest==5.0.1
pytest-cov==2.7.1
pytest-django==3.5.1
pytz==2019.1
six==1.12.0
sqlparse==0.3.0
toml==0.10.0
tox==3.13.2
typed-ast==1.4.0
vine==1.3.0
virtualenv==16.6.2
wcwidth==0.1.7
whitenoise==4.1.3
wrapt==1.11.2
zipp==0.5.2
